2020-02-17 03:32:27,018 INFO o.a.j.u.JMeterUtils: Setting Locale to en_EN
2020-02-17 03:32:27,055 INFO o.a.j.JMeter: Loading user properties from: /usr/local/Cellar/jmeter/5.2/libexec/bin/user.properties
2020-02-17 03:32:27,056 INFO o.a.j.JMeter: Loading system properties from: /usr/local/Cellar/jmeter/5.2/libexec/bin/system.properties
2020-02-17 03:32:27,058 INFO o.a.j.JMeter: Copyright (c) 1998-2019 The Apache Software Foundation
2020-02-17 03:32:27,058 INFO o.a.j.JMeter: Version 5.2
2020-02-17 03:32:27,058 INFO o.a.j.JMeter: java.version=1.8.0_171
2020-02-17 03:32:27,058 INFO o.a.j.JMeter: java.vm.name=Java HotSpot(TM) 64-Bit Server VM
2020-02-17 03:32:27,058 INFO o.a.j.JMeter: os.name=Mac OS X
2020-02-17 03:32:27,058 INFO o.a.j.JMeter: os.arch=x86_64
2020-02-17 03:32:27,058 INFO o.a.j.JMeter: os.version=10.13.2
2020-02-17 03:32:27,058 INFO o.a.j.JMeter: file.encoding=UTF-8
2020-02-17 03:32:27,059 INFO o.a.j.JMeter: java.awt.headless=null
2020-02-17 03:32:27,059 INFO o.a.j.JMeter: Max memory     =1073741824
2020-02-17 03:32:27,059 INFO o.a.j.JMeter: Available Processors =8
2020-02-17 03:32:27,065 INFO o.a.j.JMeter: Default Locale=English (EN)
2020-02-17 03:32:27,065 INFO o.a.j.JMeter: JMeter  Locale=English (EN)
2020-02-17 03:32:27,065 INFO o.a.j.JMeter: JMeterHome=/usr/local/Cellar/jmeter/5.2/libexec
2020-02-17 03:32:27,065 INFO o.a.j.JMeter: user.dir  =/Users/300018290/PycharmProjects/relevanceApp
2020-02-17 03:32:27,065 INFO o.a.j.JMeter: PWD       =/Users/300018290/PycharmProjects/relevanceApp
2020-02-17 03:32:27,067 INFO o.a.j.JMeter: IP: 127.0.0.1 Name: EN-SagarG FullName: localhost
2020-02-17 03:32:29,461 INFO o.a.j.g.a.LookAndFeelCommand: Installing Darcula LAF
2020-02-17 03:32:29,484 INFO o.a.j.g.a.LookAndFeelCommand: Using look and feel: com.bulenkov.darcula.DarculaLaf [Darcula]
2020-02-17 03:32:29,484 INFO o.a.j.JMeter: Setting LAF to: com.bulenkov.darcula.DarculaLaf
2020-02-17 03:32:29,585 INFO o.a.j.JMeter: Loaded icon properties from org/apache/jmeter/images/icon.properties
2020-02-17 03:32:31,288 INFO k.a.j.JMeterPluginsUtils: JMeter-Plugins.org v.1.4.0
2020-02-17 03:32:31,846 WARN o.a.j.g.u.MenuFactory: Could not instantiate class: kg.apc.jmeter.reporters.LoadosophiaUploaderGui
java.lang.reflect.InvocationTargetException: null
	at sun.reflect.NativeConstructorAccessorImpl.newInstance0(Native Method) ~[?:1.8.0_171]
	at sun.reflect.NativeConstructorAccessorImpl.newInstance(NativeConstructorAccessorImpl.java:62) ~[?:1.8.0_171]
	at sun.reflect.DelegatingConstructorAccessorImpl.newInstance(DelegatingConstructorAccessorImpl.java:45) ~[?:1.8.0_171]
	at java.lang.reflect.Constructor.newInstance(Constructor.java:423) ~[?:1.8.0_171]
	at org.apache.jmeter.gui.util.MenuFactory.getGUIComponent(MenuFactory.java:174) ~[ApacheJMeter_core.jar:5.2]
	at org.apache.jmeter.gui.util.MenuFactory.initializeMenus(MenuFactory.java:141) ~[ApacheJMeter_core.jar:5.2]
	at org.apache.jmeter.gui.util.MenuFactory.<clinit>(MenuFactory.java:106) ~[ApacheJMeter_core.jar:5.2]
	at org.apache.jmeter.control.gui.TestPlanGui.createPopupMenu(TestPlanGui.java:92) ~[ApacheJMeter_core.jar:5.2]
	at org.apache.jmeter.gui.tree.JMeterTreeNode.createPopupMenu(JMeterTreeNode.java:185) ~[ApacheJMeter_core.jar:5.2]
	at org.apache.jmeter.gui.action.EditCommand.doAction(EditCommand.java:46) ~[ApacheJMeter_core.jar:5.2]
	at org.apache.jmeter.gui.action.ActionRouter.performAction(ActionRouter.java:88) ~[ApacheJMeter_core.jar:5.2]
	at org.apache.jmeter.gui.action.ActionRouter.lambda$actionPerformed$0(ActionRouter.java:70) ~[ApacheJMeter_core.jar:5.2]
	at java.awt.event.InvocationEvent.dispatch(InvocationEvent.java:311) [?:1.8.0_171]
	at java.awt.EventQueue.dispatchEventImpl(EventQueue.java:758) [?:1.8.0_171]
	at java.awt.EventQueue.access$500(EventQueue.java:97) [?:1.8.0_171]
	at java.awt.EventQueue$3.run(EventQueue.java:709) [?:1.8.0_171]
	at java.awt.EventQueue$3.run(EventQueue.java:703) [?:1.8.0_171]
	at java.security.AccessController.doPrivileged(Native Method) ~[?:1.8.0_171]
	at java.security.ProtectionDomain$JavaSecurityAccessImpl.doIntersectionPrivilege(ProtectionDomain.java:80) [?:1.8.0_171]
	at java.awt.EventQueue.dispatchEvent(EventQueue.java:728) [?:1.8.0_171]
	at java.awt.EventDispatchThread.pumpOneEventForFilters(EventDispatchThread.java:205) [?:1.8.0_171]
	at java.awt.EventDispatchThread.pumpEventsForFilter(EventDispatchThread.java:116) [?:1.8.0_171]
	at java.awt.EventDispatchThread.pumpEventsForHierarchy(EventDispatchThread.java:105) [?:1.8.0_171]
	at java.awt.EventDispatchThread.pumpEvents(EventDispatchThread.java:101) [?:1.8.0_171]
	at java.awt.EventDispatchThread.pumpEvents(EventDispatchThread.java:93) [?:1.8.0_171]
	at java.awt.EventDispatchThread.run(EventDispatchThread.java:82) [?:1.8.0_171]
Caused by: java.lang.NoClassDefFoundError: org/apache/commons/httpclient/methods/multipart/PartSource
	at kg.apc.jmeter.reporters.LoadosophiaUploaderGui.init(LoadosophiaUploaderGui.java:114) ~[JMeterPlugins-Standard.jar:?]
	at kg.apc.jmeter.reporters.LoadosophiaUploaderGui.<init>(LoadosophiaUploaderGui.java:28) ~[JMeterPlugins-Standard.jar:?]
	... 26 more
Caused by: java.lang.ClassNotFoundException: org.apache.commons.httpclient.methods.multipart.PartSource
	at java.net.URLClassLoader.findClass(URLClassLoader.java:381) ~[?:1.8.0_171]
	at java.lang.ClassLoader.loadClass(ClassLoader.java:424) ~[?:1.8.0_171]
	at java.lang.ClassLoader.loadClass(ClassLoader.java:357) ~[?:1.8.0_171]
	at kg.apc.jmeter.reporters.LoadosophiaUploaderGui.init(LoadosophiaUploaderGui.java:114) ~[JMeterPlugins-Standard.jar:?]
	at kg.apc.jmeter.reporters.LoadosophiaUploaderGui.<init>(LoadosophiaUploaderGui.java:28) ~[JMeterPlugins-Standard.jar:?]
	... 26 more
2020-02-17 03:32:32,820 INFO o.a.j.p.h.s.HTTPSamplerBase: Parser for text/html is org.apache.jmeter.protocol.http.parser.LagartoBasedHtmlParser
2020-02-17 03:32:32,821 INFO o.a.j.p.h.s.HTTPSamplerBase: Parser for application/xhtml+xml is org.apache.jmeter.protocol.http.parser.LagartoBasedHtmlParser
2020-02-17 03:32:32,821 INFO o.a.j.p.h.s.HTTPSamplerBase: Parser for application/xml is org.apache.jmeter.protocol.http.parser.LagartoBasedHtmlParser
2020-02-17 03:32:32,821 INFO o.a.j.p.h.s.HTTPSamplerBase: Parser for text/xml is org.apache.jmeter.protocol.http.parser.LagartoBasedHtmlParser
2020-02-17 03:32:32,821 INFO o.a.j.p.h.s.HTTPSamplerBase: Parser for text/vnd.wap.wml is org.apache.jmeter.protocol.http.parser.RegexpHTMLParser
2020-02-17 03:32:32,821 INFO o.a.j.p.h.s.HTTPSamplerBase: Parser for text/css is org.apache.jmeter.protocol.http.parser.CssParser
2020-02-17 03:32:33,186 INFO o.a.j.e.KeyToolUtils: keytool found at 'keytool'
2020-02-17 03:32:33,187 INFO o.a.j.p.h.p.ProxyControl: HTTP(S) Test Script Recorder SSL Proxy will use keys that support embedded 3rd party resources in file /usr/local/Cellar/jmeter/5.2/libexec/bin/proxyserver.jks
2020-02-17 03:32:33,368 INFO o.a.j.s.FileServer: Default base='/Users/300018290/PycharmProjects/relevanceApp'
2020-02-17 03:32:33,653 INFO o.a.j.s.SampleResult: Note: Sample TimeStamps are START times
2020-02-17 03:32:33,653 INFO o.a.j.s.SampleResult: sampleresult.default.encoding is set to ISO-8859-1
2020-02-17 03:32:33,653 INFO o.a.j.s.SampleResult: sampleresult.useNanoTime=true
2020-02-17 03:32:33,653 INFO o.a.j.s.SampleResult: sampleresult.nanoThreadSleep=5000
2020-02-17 03:32:46,632 INFO o.a.j.g.a.Load: Loading file: /Users/300018290/Users.jmx
2020-02-17 03:32:46,633 INFO o.a.j.s.FileServer: Set new base='/Users/300018290'
2020-02-17 03:32:46,796 INFO o.a.j.s.SaveService: Testplan (JMX) version: 2.2. Testlog (JTL) version: 2.2
2020-02-17 03:32:46,807 INFO o.a.j.s.SaveService: Using SaveService properties file encoding UTF-8
2020-02-17 03:32:46,809 INFO o.a.j.s.SaveService: Using SaveService properties version 5.0
2020-02-17 03:32:46,812 INFO o.a.j.s.SaveService: Loading file: /Users/300018290/Users.jmx
2020-02-17 03:32:46,926 INFO o.a.j.s.FileServer: Set new base='/Users/300018290'
