2020-02-17 03:38:55,670 INFO o.a.j.u.JMeterUtils: Setting Locale to en_EN
2020-02-17 03:38:55,700 INFO o.a.j.JMeter: Loading user properties from: /usr/local/Cellar/jmeter/5.2/libexec/bin/user.properties
2020-02-17 03:38:55,701 INFO o.a.j.JMeter: Loading system properties from: /usr/local/Cellar/jmeter/5.2/libexec/bin/system.properties
2020-02-17 03:38:55,703 INFO o.a.j.JMeter: Copyright (c) 1998-2019 The Apache Software Foundation
2020-02-17 03:38:55,703 INFO o.a.j.JMeter: Version 5.2
2020-02-17 03:38:55,703 INFO o.a.j.JMeter: java.version=1.8.0_171
2020-02-17 03:38:55,703 INFO o.a.j.JMeter: java.vm.name=Java HotSpot(TM) 64-Bit Server VM
2020-02-17 03:38:55,703 INFO o.a.j.JMeter: os.name=Mac OS X
2020-02-17 03:38:55,703 INFO o.a.j.JMeter: os.arch=x86_64
2020-02-17 03:38:55,703 INFO o.a.j.JMeter: os.version=10.13.2
2020-02-17 03:38:55,703 INFO o.a.j.JMeter: file.encoding=UTF-8
2020-02-17 03:38:55,704 INFO o.a.j.JMeter: java.awt.headless=null
2020-02-17 03:38:55,704 INFO o.a.j.JMeter: Max memory     =1073741824
2020-02-17 03:38:55,704 INFO o.a.j.JMeter: Available Processors =8
2020-02-17 03:38:55,710 INFO o.a.j.JMeter: Default Locale=English (EN)
2020-02-17 03:38:55,710 INFO o.a.j.JMeter: JMeter  Locale=English (EN)
2020-02-17 03:38:55,710 INFO o.a.j.JMeter: JMeterHome=/usr/local/Cellar/jmeter/5.2/libexec
2020-02-17 03:38:55,710 INFO o.a.j.JMeter: user.dir  =/Users/300018290/PycharmProjects/relevanceApp/logs
2020-02-17 03:38:55,710 INFO o.a.j.JMeter: PWD       =/Users/300018290/PycharmProjects/relevanceApp/logs
2020-02-17 03:38:55,712 INFO o.a.j.JMeter: IP: 127.0.0.1 Name: EN-SagarG FullName: localhost
2020-02-17 03:38:57,657 INFO o.a.j.g.a.LookAndFeelCommand: Installing Darcula LAF
2020-02-17 03:38:57,684 INFO o.a.j.g.a.LookAndFeelCommand: Using look and feel: com.bulenkov.darcula.DarculaLaf [Darcula]
2020-02-17 03:38:57,684 INFO o.a.j.JMeter: Setting LAF to: com.bulenkov.darcula.DarculaLaf
2020-02-17 03:38:57,781 INFO o.a.j.JMeter: Loaded icon properties from org/apache/jmeter/images/icon.properties
2020-02-17 03:38:59,425 INFO k.a.j.JMeterPluginsUtils: JMeter-Plugins.org v.1.4.0
2020-02-17 03:38:59,975 WARN o.a.j.g.u.MenuFactory: Could not instantiate class: kg.apc.jmeter.reporters.LoadosophiaUploaderGui
java.lang.reflect.InvocationTargetException: null
	at sun.reflect.NativeConstructorAccessorImpl.newInstance0(Native Method) ~[?:1.8.0_171]
	at sun.reflect.NativeConstructorAccessorImpl.newInstance(NativeConstructorAccessorImpl.java:62) ~[?:1.8.0_171]
	at sun.reflect.DelegatingConstructorAccessorImpl.newInstance(DelegatingConstructorAccessorImpl.java:45) ~[?:1.8.0_171]
	at java.lang.reflect.Constructor.newInstance(Constructor.java:423) ~[?:1.8.0_171]
	at org.apache.jmeter.gui.util.MenuFactory.getGUIComponent(MenuFactory.java:174) ~[ApacheJMeter_core.jar:5.2]
	at org.apache.jmeter.gui.util.MenuFactory.initializeMenus(MenuFactory.java:141) ~[ApacheJMeter_core.jar:5.2]
	at org.apache.jmeter.gui.util.MenuFactory.<clinit>(MenuFactory.java:106) ~[ApacheJMeter_core.jar:5.2]
	at org.apache.jmeter.control.gui.TestPlanGui.createPopupMenu(TestPlanGui.java:92) ~[ApacheJMeter_core.jar:5.2]
	at org.apache.jmeter.gui.tree.JMeterTreeNode.createPopupMenu(JMeterTreeNode.java:185) ~[ApacheJMeter_core.jar:5.2]
	at org.apache.jmeter.gui.action.EditCommand.doAction(EditCommand.java:46) ~[ApacheJMeter_core.jar:5.2]
	at org.apache.jmeter.gui.action.ActionRouter.performAction(ActionRouter.java:88) ~[ApacheJMeter_core.jar:5.2]
	at org.apache.jmeter.gui.action.ActionRouter.lambda$actionPerformed$0(ActionRouter.java:70) ~[ApacheJMeter_core.jar:5.2]
	at java.awt.event.InvocationEvent.dispatch(InvocationEvent.java:311) [?:1.8.0_171]
	at java.awt.EventQueue.dispatchEventImpl(EventQueue.java:758) [?:1.8.0_171]
	at java.awt.EventQueue.access$500(EventQueue.java:97) [?:1.8.0_171]
	at java.awt.EventQueue$3.run(EventQueue.java:709) [?:1.8.0_171]
	at java.awt.EventQueue$3.run(EventQueue.java:703) [?:1.8.0_171]
	at java.security.AccessController.doPrivileged(Native Method) ~[?:1.8.0_171]
	at java.security.ProtectionDomain$JavaSecurityAccessImpl.doIntersectionPrivilege(ProtectionDomain.java:80) [?:1.8.0_171]
	at java.awt.EventQueue.dispatchEvent(EventQueue.java:728) [?:1.8.0_171]
	at java.awt.EventDispatchThread.pumpOneEventForFilters(EventDispatchThread.java:205) [?:1.8.0_171]
	at java.awt.EventDispatchThread.pumpEventsForFilter(EventDispatchThread.java:116) [?:1.8.0_171]
	at java.awt.EventDispatchThread.pumpEventsForHierarchy(EventDispatchThread.java:105) [?:1.8.0_171]
	at java.awt.EventDispatchThread.pumpEvents(EventDispatchThread.java:101) [?:1.8.0_171]
	at java.awt.EventDispatchThread.pumpEvents(EventDispatchThread.java:93) [?:1.8.0_171]
	at java.awt.EventDispatchThread.run(EventDispatchThread.java:82) [?:1.8.0_171]
Caused by: java.lang.NoClassDefFoundError: org/apache/commons/httpclient/methods/multipart/PartSource
	at kg.apc.jmeter.reporters.LoadosophiaUploaderGui.init(LoadosophiaUploaderGui.java:114) ~[JMeterPlugins-Standard.jar:?]
	at kg.apc.jmeter.reporters.LoadosophiaUploaderGui.<init>(LoadosophiaUploaderGui.java:28) ~[JMeterPlugins-Standard.jar:?]
	... 26 more
Caused by: java.lang.ClassNotFoundException: org.apache.commons.httpclient.methods.multipart.PartSource
	at java.net.URLClassLoader.findClass(URLClassLoader.java:381) ~[?:1.8.0_171]
	at java.lang.ClassLoader.loadClass(ClassLoader.java:424) ~[?:1.8.0_171]
	at java.lang.ClassLoader.loadClass(ClassLoader.java:357) ~[?:1.8.0_171]
	at kg.apc.jmeter.reporters.LoadosophiaUploaderGui.init(LoadosophiaUploaderGui.java:114) ~[JMeterPlugins-Standard.jar:?]
	at kg.apc.jmeter.reporters.LoadosophiaUploaderGui.<init>(LoadosophiaUploaderGui.java:28) ~[JMeterPlugins-Standard.jar:?]
	... 26 more
2020-02-17 03:39:00,889 INFO o.a.j.p.h.s.HTTPSamplerBase: Parser for text/html is org.apache.jmeter.protocol.http.parser.LagartoBasedHtmlParser
2020-02-17 03:39:00,890 INFO o.a.j.p.h.s.HTTPSamplerBase: Parser for application/xhtml+xml is org.apache.jmeter.protocol.http.parser.LagartoBasedHtmlParser
2020-02-17 03:39:00,890 INFO o.a.j.p.h.s.HTTPSamplerBase: Parser for application/xml is org.apache.jmeter.protocol.http.parser.LagartoBasedHtmlParser
2020-02-17 03:39:00,890 INFO o.a.j.p.h.s.HTTPSamplerBase: Parser for text/xml is org.apache.jmeter.protocol.http.parser.LagartoBasedHtmlParser
2020-02-17 03:39:00,890 INFO o.a.j.p.h.s.HTTPSamplerBase: Parser for text/vnd.wap.wml is org.apache.jmeter.protocol.http.parser.RegexpHTMLParser
2020-02-17 03:39:00,890 INFO o.a.j.p.h.s.HTTPSamplerBase: Parser for text/css is org.apache.jmeter.protocol.http.parser.CssParser
2020-02-17 03:39:01,252 INFO o.a.j.e.KeyToolUtils: keytool found at 'keytool'
2020-02-17 03:39:01,253 INFO o.a.j.p.h.p.ProxyControl: HTTP(S) Test Script Recorder SSL Proxy will use keys that support embedded 3rd party resources in file /usr/local/Cellar/jmeter/5.2/libexec/bin/proxyserver.jks
2020-02-17 03:39:01,405 INFO o.a.j.s.FileServer: Default base='/Users/300018290/PycharmProjects/relevanceApp/logs'
2020-02-17 03:39:01,668 INFO o.a.j.s.SampleResult: Note: Sample TimeStamps are START times
2020-02-17 03:39:01,669 INFO o.a.j.s.SampleResult: sampleresult.default.encoding is set to ISO-8859-1
2020-02-17 03:39:01,669 INFO o.a.j.s.SampleResult: sampleresult.useNanoTime=true
2020-02-17 03:39:01,669 INFO o.a.j.s.SampleResult: sampleresult.nanoThreadSleep=5000
2020-02-17 03:39:11,392 INFO o.a.j.g.a.Load: Loading file: /Users/300018290/Users.jmx
2020-02-17 03:39:11,395 INFO o.a.j.s.FileServer: Set new base='/Users/300018290'
2020-02-17 03:39:11,564 INFO o.a.j.s.SaveService: Testplan (JMX) version: 2.2. Testlog (JTL) version: 2.2
2020-02-17 03:39:11,577 INFO o.a.j.s.SaveService: Using SaveService properties file encoding UTF-8
2020-02-17 03:39:11,579 INFO o.a.j.s.SaveService: Using SaveService properties version 5.0
2020-02-17 03:39:11,582 INFO o.a.j.s.SaveService: Loading file: /Users/300018290/Users.jmx
2020-02-17 03:39:11,694 INFO o.a.j.s.FileServer: Set new base='/Users/300018290'
2020-02-17 03:41:08,759 INFO o.a.j.e.StandardJMeterEngine: Running the test!
2020-02-17 03:41:08,763 INFO o.a.j.s.SampleEvent: List of sample_variables: []
2020-02-17 03:41:08,764 INFO o.a.j.s.SampleEvent: List of sample_variables: []
2020-02-17 03:41:08,768 INFO o.a.j.e.u.CompoundVariable: Note: Function class names must contain the string: '.functions.'
2020-02-17 03:41:08,768 INFO o.a.j.e.u.CompoundVariable: Note: Function class names must not contain the string: '.gui.'
2020-02-17 03:41:09,106 INFO o.a.j.g.u.JMeterMenuBar: setRunning(true, *local*)
2020-02-17 03:41:09,327 INFO o.a.j.e.StandardJMeterEngine: Starting ThreadGroup: 1 : Users
2020-02-17 03:41:09,327 INFO o.a.j.e.StandardJMeterEngine: Starting 40 threads for group Users.
2020-02-17 03:41:09,327 INFO o.a.j.e.StandardJMeterEngine: Test will stop on error
2020-02-17 03:41:09,327 INFO o.a.j.t.ThreadGroup: Starting thread group... number=1 threads=40 ramp-up=120 delayedStart=false
2020-02-17 03:41:09,336 INFO o.a.j.t.JMeterThread: Thread started: Users 1-1
2020-02-17 03:41:09,358 INFO o.a.j.p.h.s.HTTPHCAbstractImpl: Local host = EN-SagarG
2020-02-17 03:41:09,358 INFO o.a.j.t.ThreadGroup: Started thread group number 1
2020-02-17 03:41:09,358 INFO o.a.j.e.StandardJMeterEngine: All thread groups have been started
2020-02-17 03:41:09,367 INFO o.a.j.p.h.s.HTTPHC4Impl: HTTP request retry count = 0
2020-02-17 03:41:12,333 INFO o.a.j.t.JMeterThread: Thread started: Users 1-2
2020-02-17 03:41:15,332 INFO o.a.j.t.JMeterThread: Thread started: Users 1-3
2020-02-17 03:41:18,333 INFO o.a.j.t.JMeterThread: Thread started: Users 1-4
2020-02-17 03:41:21,333 INFO o.a.j.t.JMeterThread: Thread started: Users 1-5
2020-02-17 03:41:24,333 INFO o.a.j.t.JMeterThread: Thread started: Users 1-6
2020-02-17 03:41:27,329 INFO o.a.j.t.JMeterThread: Thread started: Users 1-7
2020-02-17 03:41:30,333 INFO o.a.j.t.JMeterThread: Thread started: Users 1-8
2020-02-17 03:41:33,328 INFO o.a.j.t.JMeterThread: Thread started: Users 1-9
2020-02-17 03:41:36,333 INFO o.a.j.t.JMeterThread: Thread started: Users 1-10
2020-02-17 03:41:39,335 INFO o.a.j.t.JMeterThread: Thread started: Users 1-11
2020-02-17 03:41:42,332 INFO o.a.j.t.JMeterThread: Thread started: Users 1-12
2020-02-17 03:41:45,333 INFO o.a.j.t.JMeterThread: Thread started: Users 1-13
2020-02-17 03:41:48,330 INFO o.a.j.t.JMeterThread: Thread started: Users 1-14
2020-02-17 03:41:51,333 INFO o.a.j.t.JMeterThread: Thread started: Users 1-15
2020-02-17 03:41:54,351 INFO o.a.j.t.JMeterThread: Thread started: Users 1-16
2020-02-17 03:41:57,330 INFO o.a.j.t.JMeterThread: Thread started: Users 1-17
2020-02-17 03:42:00,333 INFO o.a.j.t.JMeterThread: Thread started: Users 1-18
2020-02-17 03:42:03,333 INFO o.a.j.t.JMeterThread: Thread started: Users 1-19
2020-02-17 03:42:06,331 INFO o.a.j.t.JMeterThread: Thread started: Users 1-20
2020-02-17 03:42:06,560 INFO o.a.j.g.a.Start: Stopping test
2020-02-17 03:42:06,585 INFO o.a.j.t.JMeterThread: Stopping: Users 1-20
2020-02-17 03:42:06,585 WARN o.a.j.t.JMeterThread: Interrupting: Users 1-20 sampler: HTTP Request
2020-02-17 03:42:06,586 INFO o.a.j.t.JMeterThread: Stopping: Users 1-7
2020-02-17 03:42:06,586 WARN o.a.j.t.JMeterThread: Interrupting: Users 1-7 sampler: HTTP Request
2020-02-17 03:42:06,592 INFO o.a.j.t.JMeterThread: Stopping: Users 1-14
2020-02-17 03:42:06,592 WARN o.a.j.t.JMeterThread: Interrupting: Users 1-14 sampler: HTTP Request
2020-02-17 03:42:06,596 INFO o.a.j.t.JMeterThread: Shutdown Test detected by thread: Users 1-7
2020-02-17 03:42:06,596 INFO o.a.j.t.JMeterThread: Thread finished: Users 1-7
2020-02-17 03:42:06,596 INFO o.a.j.t.JMeterThread: Stopping: Users 1-37
2020-02-17 03:42:06,597 INFO o.a.j.t.JMeterThread: Stopping: Users 1-15
2020-02-17 03:42:06,597 WARN o.a.j.t.JMeterThread: Interrupting: Users 1-15 sampler: HTTP Request
2020-02-17 03:42:06,597 INFO o.a.j.t.JMeterThread: Thread started: Users 1-37
2020-02-17 03:42:06,598 INFO o.a.j.t.JMeterThread: Thread finished: Users 1-37
2020-02-17 03:42:06,598 INFO o.a.j.t.JMeterThread: Shutdown Test detected by thread: Users 1-14
2020-02-17 03:42:06,599 INFO o.a.j.t.JMeterThread: Thread finished: Users 1-14
2020-02-17 03:42:06,601 INFO o.a.j.t.JMeterThread: Stopping: Users 1-29
2020-02-17 03:42:06,602 INFO o.a.j.t.JMeterThread: Stopping: Users 1-4
2020-02-17 03:42:06,602 WARN o.a.j.t.JMeterThread: Interrupting: Users 1-4 sampler: HTTP Request
2020-02-17 03:42:06,602 INFO o.a.j.t.JMeterThread: Thread started: Users 1-29
2020-02-17 03:42:06,603 INFO o.a.j.t.JMeterThread: Thread finished: Users 1-29
2020-02-17 03:42:06,603 INFO o.a.j.t.JMeterThread: Shutdown Test detected by thread: Users 1-15
2020-02-17 03:42:06,604 INFO o.a.j.t.JMeterThread: Thread finished: Users 1-15
2020-02-17 03:42:06,605 INFO o.a.j.t.JMeterThread: Stopping: Users 1-25
2020-02-17 03:42:06,606 INFO o.a.j.t.JMeterThread: Stopping: Users 1-2
2020-02-17 03:42:06,606 WARN o.a.j.t.JMeterThread: Interrupting: Users 1-2 sampler: HTTP Request
2020-02-17 03:42:06,606 INFO o.a.j.t.JMeterThread: Thread started: Users 1-25
2020-02-17 03:42:06,607 INFO o.a.j.t.JMeterThread: Thread finished: Users 1-25
2020-02-17 03:42:06,607 INFO o.a.j.t.JMeterThread: Shutdown Test detected by thread: Users 1-4
2020-02-17 03:42:06,608 INFO o.a.j.t.JMeterThread: Thread finished: Users 1-4
2020-02-17 03:42:06,612 INFO o.a.j.t.JMeterThread: Stopping: Users 1-18
2020-02-17 03:42:06,612 WARN o.a.j.t.JMeterThread: Interrupting: Users 1-18 sampler: HTTP Request
2020-02-17 03:42:06,613 INFO o.a.j.t.JMeterThread: Shutdown Test detected by thread: Users 1-2
2020-02-17 03:42:06,613 INFO o.a.j.t.JMeterThread: Thread finished: Users 1-2
2020-02-17 03:42:06,616 INFO o.a.j.t.JMeterThread: Stopping: Users 1-32
2020-02-17 03:42:06,616 INFO o.a.j.t.JMeterThread: Stopping: Users 1-36
2020-02-17 03:42:06,617 INFO o.a.j.t.JMeterThread: Stopping: Users 1-12
2020-02-17 03:42:06,617 WARN o.a.j.t.JMeterThread: Interrupting: Users 1-12 sampler: HTTP Request
2020-02-17 03:42:06,617 INFO o.a.j.t.JMeterThread: Thread started: Users 1-32
2020-02-17 03:42:06,617 INFO o.a.j.t.JMeterThread: Thread started: Users 1-36
2020-02-17 03:42:06,617 INFO o.a.j.t.JMeterThread: Thread finished: Users 1-32
2020-02-17 03:42:06,617 INFO o.a.j.t.JMeterThread: Shutdown Test detected by thread: Users 1-18
2020-02-17 03:42:06,618 INFO o.a.j.t.JMeterThread: Thread finished: Users 1-18
2020-02-17 03:42:06,618 INFO o.a.j.t.JMeterThread: Thread finished: Users 1-36
2020-02-17 03:42:06,623 INFO o.a.j.t.JMeterThread: Stopping: Users 1-17
2020-02-17 03:42:06,623 WARN o.a.j.t.JMeterThread: Interrupting: Users 1-17 sampler: HTTP Request
2020-02-17 03:42:06,624 INFO o.a.j.t.JMeterThread: Shutdown Test detected by thread: Users 1-12
2020-02-17 03:42:06,624 INFO o.a.j.t.JMeterThread: Thread finished: Users 1-12
2020-02-17 03:42:06,627 INFO o.a.j.t.JMeterThread: Shutdown Test detected by thread: Users 1-20
2020-02-17 03:42:06,627 INFO o.a.j.t.JMeterThread: Thread finished: Users 1-20
2020-02-17 03:42:06,629 INFO o.a.j.t.JMeterThread: Stopping: Users 1-6
2020-02-17 03:42:06,629 WARN o.a.j.t.JMeterThread: Interrupting: Users 1-6 sampler: HTTP Request
2020-02-17 03:42:06,631 INFO o.a.j.t.JMeterThread: Shutdown Test detected by thread: Users 1-17
2020-02-17 03:42:06,631 INFO o.a.j.t.JMeterThread: Thread finished: Users 1-17
2020-02-17 03:42:06,639 INFO o.a.j.t.JMeterThread: Stopping: Users 1-33
2020-02-17 03:42:06,640 INFO o.a.j.t.JMeterThread: Stopping: Users 1-27
2020-02-17 03:42:06,640 INFO o.a.j.t.JMeterThread: Stopping: Users 1-5
2020-02-17 03:42:06,640 WARN o.a.j.t.JMeterThread: Interrupting: Users 1-5 sampler: HTTP Request
2020-02-17 03:42:06,640 INFO o.a.j.t.JMeterThread: Shutdown Test detected by thread: Users 1-6
2020-02-17 03:42:06,640 INFO o.a.j.t.JMeterThread: Thread started: Users 1-33
2020-02-17 03:42:06,640 INFO o.a.j.t.JMeterThread: Thread started: Users 1-27
2020-02-17 03:42:06,640 INFO o.a.j.t.JMeterThread: Thread finished: Users 1-6
2020-02-17 03:42:06,641 INFO o.a.j.t.JMeterThread: Stopping: Users 1-10
2020-02-17 03:42:06,641 INFO o.a.j.t.JMeterThread: Thread finished: Users 1-33
2020-02-17 03:42:06,641 WARN o.a.j.t.JMeterThread: Interrupting: Users 1-10 sampler: HTTP Request
2020-02-17 03:42:06,641 INFO o.a.j.t.JMeterThread: Thread finished: Users 1-27
2020-02-17 03:42:06,642 INFO o.a.j.t.JMeterThread: Stopping: Users 1-8
2020-02-17 03:42:06,642 INFO o.a.j.t.JMeterThread: Shutdown Test detected by thread: Users 1-5
2020-02-17 03:42:06,642 WARN o.a.j.t.JMeterThread: Interrupting: Users 1-8 sampler: HTTP Request
2020-02-17 03:42:06,642 INFO o.a.j.t.JMeterThread: Thread finished: Users 1-5
2020-02-17 03:42:06,643 INFO o.a.j.t.JMeterThread: Stopping: Users 1-34
2020-02-17 03:42:06,643 INFO o.a.j.t.JMeterThread: Shutdown Test detected by thread: Users 1-10
2020-02-17 03:42:06,643 INFO o.a.j.t.JMeterThread: Stopping: Users 1-19
2020-02-17 03:42:06,643 WARN o.a.j.t.JMeterThread: Interrupting: Users 1-19 sampler: HTTP Request
2020-02-17 03:42:06,643 INFO o.a.j.t.JMeterThread: Thread finished: Users 1-10
2020-02-17 03:42:06,643 INFO o.a.j.t.JMeterThread: Stopping: Users 1-28
2020-02-17 03:42:06,644 INFO o.a.j.t.JMeterThread: Stopping: Users 1-31
2020-02-17 03:42:06,644 INFO o.a.j.t.JMeterThread: Shutdown Test detected by thread: Users 1-8
2020-02-17 03:42:06,643 INFO o.a.j.t.JMeterThread: Thread started: Users 1-34
2020-02-17 03:42:06,644 INFO o.a.j.t.JMeterThread: Stopping: Users 1-35
2020-02-17 03:42:06,644 INFO o.a.j.t.JMeterThread: Thread finished: Users 1-8
2020-02-17 03:42:06,644 INFO o.a.j.t.JMeterThread: Thread started: Users 1-28
2020-02-17 03:42:06,644 INFO o.a.j.t.JMeterThread: Thread finished: Users 1-34
2020-02-17 03:42:06,644 INFO o.a.j.t.JMeterThread: Stopping: Users 1-22
2020-02-17 03:42:06,644 INFO o.a.j.t.JMeterThread: Thread finished: Users 1-28
2020-02-17 03:42:06,644 INFO o.a.j.t.JMeterThread: Thread started: Users 1-35
2020-02-17 03:42:06,644 INFO o.a.j.t.JMeterThread: Thread started: Users 1-31
2020-02-17 03:42:06,644 INFO o.a.j.t.JMeterThread: Stopping: Users 1-26
2020-02-17 03:42:06,644 INFO o.a.j.t.JMeterThread: Thread finished: Users 1-35
2020-02-17 03:42:06,644 INFO o.a.j.t.JMeterThread: Thread started: Users 1-22
2020-02-17 03:42:06,645 INFO o.a.j.t.JMeterThread: Stopping: Users 1-11
2020-02-17 03:42:06,645 INFO o.a.j.t.JMeterThread: Thread finished: Users 1-31
2020-02-17 03:42:06,645 WARN o.a.j.t.JMeterThread: Interrupting: Users 1-11 sampler: HTTP Request
2020-02-17 03:42:06,645 INFO o.a.j.t.JMeterThread: Thread finished: Users 1-22
2020-02-17 03:42:06,645 INFO o.a.j.t.JMeterThread: Thread started: Users 1-26
2020-02-17 03:42:06,645 INFO o.a.j.t.JMeterThread: Stopping: Users 1-30
2020-02-17 03:42:06,646 INFO o.a.j.t.JMeterThread: Shutdown Test detected by thread: Users 1-19
2020-02-17 03:42:06,646 INFO o.a.j.t.JMeterThread: Stopping: Users 1-38
2020-02-17 03:42:06,646 INFO o.a.j.t.JMeterThread: Thread finished: Users 1-26
2020-02-17 03:42:06,646 INFO o.a.j.t.JMeterThread: Thread finished: Users 1-19
2020-02-17 03:42:06,646 INFO o.a.j.t.JMeterThread: Stopping: Users 1-40
2020-02-17 03:42:06,646 INFO o.a.j.t.JMeterThread: Stopping: Users 1-13
2020-02-17 03:42:06,646 WARN o.a.j.t.JMeterThread: Interrupting: Users 1-13 sampler: HTTP Request
2020-02-17 03:42:06,646 INFO o.a.j.t.JMeterThread: Thread started: Users 1-30
2020-02-17 03:42:06,646 INFO o.a.j.t.JMeterThread: Shutdown Test detected by thread: Users 1-11
2020-02-17 03:42:06,646 INFO o.a.j.t.JMeterThread: Thread started: Users 1-40
2020-02-17 03:42:06,647 INFO o.a.j.t.JMeterThread: Thread finished: Users 1-30
2020-02-17 03:42:06,647 INFO o.a.j.t.JMeterThread: Thread finished: Users 1-11
2020-02-17 03:42:06,646 INFO o.a.j.t.JMeterThread: Thread started: Users 1-38
2020-02-17 03:42:06,647 INFO o.a.j.t.JMeterThread: Thread finished: Users 1-40
2020-02-17 03:42:06,647 INFO o.a.j.t.JMeterThread: Thread finished: Users 1-38
2020-02-17 03:42:06,648 INFO o.a.j.t.JMeterThread: Stopping: Users 1-24
2020-02-17 03:42:06,648 INFO o.a.j.t.JMeterThread: Stopping: Users 1-16
2020-02-17 03:42:06,648 WARN o.a.j.t.JMeterThread: Interrupting: Users 1-16 sampler: HTTP Request
2020-02-17 03:42:06,648 INFO o.a.j.t.JMeterThread: Thread started: Users 1-24
2020-02-17 03:42:06,648 INFO o.a.j.t.JMeterThread: Stopping: Users 1-39
2020-02-17 03:42:06,648 INFO o.a.j.t.JMeterThread: Thread finished: Users 1-24
2020-02-17 03:42:06,648 INFO o.a.j.t.JMeterThread: Stopping: Users 1-1
2020-02-17 03:42:06,648 INFO o.a.j.t.JMeterThread: Shutdown Test detected by thread: Users 1-13
2020-02-17 03:42:06,649 WARN o.a.j.t.JMeterThread: Interrupting: Users 1-1 sampler: HTTP Request
2020-02-17 03:42:06,649 INFO o.a.j.t.JMeterThread: Thread finished: Users 1-13
2020-02-17 03:42:06,649 INFO o.a.j.t.JMeterThread: Thread started: Users 1-39
2020-02-17 03:42:06,649 INFO o.a.j.t.JMeterThread: Shutdown Test detected by thread: Users 1-16
2020-02-17 03:42:06,649 INFO o.a.j.t.JMeterThread: Thread finished: Users 1-39
2020-02-17 03:42:06,649 INFO o.a.j.t.JMeterThread: Thread finished: Users 1-16
2020-02-17 03:42:06,649 INFO o.a.j.t.JMeterThread: Stopping: Users 1-9
2020-02-17 03:42:06,649 WARN o.a.j.t.JMeterThread: Interrupting: Users 1-9 sampler: HTTP Request
2020-02-17 03:42:06,650 INFO o.a.j.t.JMeterThread: Stopping: Users 1-23
2020-02-17 03:42:06,650 INFO o.a.j.t.JMeterThread: Stopping: Users 1-3
2020-02-17 03:42:06,651 WARN o.a.j.t.JMeterThread: Interrupting: Users 1-3 sampler: HTTP Request
2020-02-17 03:42:06,651 INFO o.a.j.t.JMeterThread: Thread started: Users 1-23
2020-02-17 03:42:06,651 INFO o.a.j.t.JMeterThread: Shutdown Test detected by thread: Users 1-1
2020-02-17 03:42:06,651 INFO o.a.j.t.JMeterThread: Shutdown Test detected by thread: Users 1-9
2020-02-17 03:42:06,652 INFO o.a.j.t.JMeterThread: Stopping: Users 1-21
2020-02-17 03:42:06,652 INFO o.a.j.t.JMeterThread: Thread finished: Users 1-9
2020-02-17 03:42:06,652 INFO o.a.j.t.JMeterThread: Thread finished: Users 1-23
2020-02-17 03:42:06,652 INFO o.a.j.t.JMeterThread: Thread finished: Users 1-1
2020-02-17 03:42:06,652 INFO o.a.j.t.JMeterThread: Thread started: Users 1-21
2020-02-17 03:42:06,653 INFO o.a.j.t.JMeterThread: Shutdown Test detected by thread: Users 1-3
2020-02-17 03:42:06,653 INFO o.a.j.t.JMeterThread: Thread finished: Users 1-3
2020-02-17 03:42:06,653 INFO o.a.j.t.JMeterThread: Thread finished: Users 1-21
2020-02-17 03:42:06,654 INFO o.a.j.e.StandardJMeterEngine: Notifying test listeners of end of test
2020-02-17 03:42:06,654 INFO o.a.j.g.u.JMeterMenuBar: setRunning(false, *local*)
2020-02-17 03:43:00,850 INFO o.a.j.g.a.What: TestElement: class org.apache.jmeter.protocol.http.sampler.HTTPSamplerProxy, guiClassName: org.apache.jmeter.protocol.http.control.gui.HttpTestSampleGui
